<?xml version="1.0" encoding="UTF-8"?>
<testng-results ignored="1" total="2" passed="1" failed="0" skipped="0">
  <reporter-output>
  </reporter-output>
  <suite started-at="2022-07-03T20:33:32 EDT" name="Default suite" finished-at="2022-07-03T20:33:40 EDT" duration-ms="8178">
    <groups>
    </groups>
    <test started-at="2022-07-03T20:33:32 EDT" name="Default test" finished-at="2022-07-03T20:33:40 EDT" duration-ms="8178">
      <class name="com.salesforce.Leads">
        <test-method is-config="true" signature="login()[pri:0, instance:com.salesforce.Leads@58d75e99]" started-at="2022-07-03T20:33:32 EDT" name="login" finished-at="2022-07-03T20:33:38 EDT" duration-ms="5883" status="PASS">
          <reporter-output>
          </reporter-output>
        </test-method> <!-- login -->
        <test-method signature="tc21()[pri:0, instance:com.salesforce.Leads@58d75e99]" started-at="2022-07-03T20:33:38 EDT" name="tc21" finished-at="2022-07-03T20:33:40 EDT" duration-ms="1986" status="PASS">
          <reporter-output>
          </reporter-output>
        </test-method> <!-- tc21 -->
        <test-method is-config="true" signature="tearDown()[pri:0, instance:com.salesforce.Leads@58d75e99]" started-at="2022-07-03T20:33:40 EDT" name="tearDown" finished-at="2022-07-03T20:33:40 EDT" duration-ms="275" status="PASS">
          <reporter-output>
          </reporter-output>
        </test-method> <!-- tearDown -->
      </class> <!-- com.salesforce.Leads -->
    </test> <!-- Default test -->
  </suite> <!-- Default suite -->
</testng-results>
